Godot Engine v4.7.1.stable.steam.a13da4feb - https://godotengine.org

vertical_slice_event=order_created
demo=steam_vertical_slice
display_server=headless
os=macOS
screen_count=0
screen_index=-1
screen_usable_rect=[P: (0, 0), S: (0, 0)]
window_size=(0, 0)
flag_always_on_top=false
flag_borderless=false
flag_transparent=false
click_through_empty=true
timing_scale=0.72
task_types=TripTask, UnloadTask, CarryTask, CookTask, PackTask, LoadVanTask, DeliveryTask, EquipItemTask, IdleTask
active_order_id=order.first_warm_delivery
active_chain_run_id=run.first_day.first_warm_delivery
vertical_slice_event=player_confirmed_trip
vertical_slice_event=task_created
vertical_slice_event=trip_task_created
vertical_slice_event=transport_left_strip
vertical_slice_event=dog_departed_with_bicycle
vertical_slice_event=trip_timer_started
vertical_slice_event=trip_timer_complete
vertical_slice_event=transport_returned
vertical_slice_event=dog_returned_with_payload
vertical_slice_event=trip_returned_with_payload
vertical_slice_event=payload_visible
vertical_slice_event=task_created
vertical_slice_event=unload_task_created:oat_crate
vertical_slice_event=task_created
vertical_slice_event=unload_task_created:pumpkin_crate
vertical_slice_event=dog_picked_up_resource
vertical_slice_event=resource_added_to_storage
vertical_slice_event=resource_added_to_storage:oat_crate
vertical_slice_event=dog_delivered_resource
vertical_slice_event=task_created
vertical_slice_event=unload_task_created:pumpkin_crate
vertical_slice_event=dog_picked_up_resource
vertical_slice_event=resource_added_to_storage
vertical_slice_event=resource_added_to_storage:pumpkin_crate
vertical_slice_event=dog_delivered_resource
vertical_slice_event=task_created
vertical_slice_event=carry_task_created:oat_crate:storage->kitchen
vertical_slice_event=task_created
vertical_slice_event=carry_task_created:pumpkin_crate:storage->kitchen
vertical_slice_event=task_created
vertical_slice_event=carry_task_created:protein_packet:storage->kitchen
vertical_slice_event=dog_picked_up_resource
vertical_slice_event=resource_delivered_to_kitchen
vertical_slice_event=resource_delivered_to_kitchen:oat_crate
vertical_slice_event=dog_delivered_resource
vertical_slice_event=task_created
vertical_slice_event=carry_task_created:pumpkin_crate:storage->kitchen
vertical_slice_event=task_created
vertical_slice_event=carry_task_created:protein_packet:storage->kitchen
vertical_slice_event=dog_picked_up_resource
vertical_slice_event=resource_delivered_to_kitchen
vertical_slice_event=resource_delivered_to_kitchen:pumpkin_crate
vertical_slice_event=dog_delivered_resource
vertical_slice_event=task_created
vertical_slice_event=carry_task_created:protein_packet:storage->kitchen
vertical_slice_event=dog_picked_up_resource
vertical_slice_event=resource_delivered_to_kitchen
vertical_slice_event=resource_delivered_to_kitchen:protein_packet
vertical_slice_event=dog_delivered_resource
vertical_slice_event=task_created
vertical_slice_event=cook_task_created
vertical_slice_event=dog_started_cooking
vertical_slice_event=food_mix_created
vertical_slice_event=dog_created_food_mix
vertical_slice_event=task_created
vertical_slice_event=carry_task_created:food_mix:kitchen->packing_table
vertical_slice_event=task_created
vertical_slice_event=carry_task_created:packaging_bag:storage->packing_table
vertical_slice_event=dog_picked_up_resource
vertical_slice_event=resource_delivered_to_packing_table
vertical_slice_event=resource_delivered_to_packing_table:food_mix
vertical_slice_event=dog_delivered_resource
vertical_slice_event=task_created
vertical_slice_event=carry_task_created:packaging_bag:storage->packing_table
vertical_slice_event=dog_picked_up_resource
vertical_slice_event=resource_delivered_to_packing_table
vertical_slice_event=resource_delivered_to_packing_table:packaging_bag
vertical_slice_event=dog_delivered_resource
vertical_slice_event=task_created
vertical_slice_event=pack_task_created
vertical_slice_event=dog_started_packing
vertical_slice_event=food_bag_created
vertical_slice_event=packing_table_food_bag_state_visible
vertical_slice_event=dog_created_food_bag
vertical_slice_event=task_created
vertical_slice_event=load_van_task_created
vertical_slice_event=dog_picked_up_resource
vertical_slice_event=van_loaded
vertical_slice_event=dog_loaded_van
vertical_slice_event=player_confirmed_delivery
vertical_slice_event=task_created
vertical_slice_event=delivery_task_created
vertical_slice_event=delivery_complete
vertical_slice_event=postcard_created
vertical_slice_event=reward_created
vertical_slice_event=dog_noticed_postcard
vertical_slice_event=postcard_world_marker_shown
vertical_slice_event=postcard_board_state_visible
vertical_slice_event=first_day_memory_added
vertical_slice_event=task_created
vertical_slice_event=reward_equipped
vertical_slice_event=dog_equipped_first_reward
vertical_slice_event=first_reward_world_marker_shown
vertical_slice_event=slippers_equipped_world_state_visible
vertical_slice_event=next_day_hint_available
vertical_slice_event=next_day_hint_world_marker_shown
vertical_slice_event=next_day_note_object_visible
vertical_slice_complete=true
vertical_slice_event=player_checkpoint_restored
vertical_slice_event=day2_return_moment_seen
demo=steam_vertical_slice
display_server=headless
os=macOS
screen_count=0
screen_index=-1
screen_usable_rect=[P: (0, 0), S: (0, 0)]
window_size=(0, 0)
flag_always_on_top=false
flag_borderless=false
flag_transparent=false
click_through_empty=true
timing_scale=0.72
task_types=TripTask, UnloadTask, CarryTask, CookTask, PackTask, LoadVanTask, DeliveryTask, EquipItemTask, IdleTask
active_order_id=order.second_warm_delivery_careful_pack
active_chain_run_id=run.day2.second_warm_delivery
vertical_slice_event=active_order_status_changed
vertical_slice_event=active_chain_state_changed
vertical_slice_event=active_order_status_changed
vertical_slice_event=active_chain_state_changed
vertical_slice_event=player_confirmed_trip
vertical_slice_event=task_created
vertical_slice_event=trip_task_created
vertical_slice_event=transport_left_strip
vertical_slice_event=dog_departed_with_bicycle
vertical_slice_event=trip_timer_started
vertical_slice_event=trip_timer_complete
vertical_slice_event=transport_returned
vertical_slice_event=dog_returned_with_payload
vertical_slice_event=active_chain_state_changed
vertical_slice_event=trip_returned_with_payload
vertical_slice_event=payload_visible
vertical_slice_event=task_created
vertical_slice_event=unload_task_created:oat_crate
vertical_slice_event=task_created
vertical_slice_event=unload_task_created:pumpkin_crate
vertical_slice_event=active_chain_state_changed
vertical_slice_event=dog_picked_up_resource
vertical_slice_event=resource_added_to_storage
vertical_slice_event=resource_added_to_storage:oat_crate
vertical_slice_event=dog_delivered_resource
vertical_slice_event=task_created
vertical_slice_event=unload_task_created:pumpkin_crate
vertical_slice_event=dog_picked_up_resource
vertical_slice_event=resource_added_to_storage
vertical_slice_event=resource_added_to_storage:pumpkin_crate
vertical_slice_event=dog_delivered_resource
vertical_slice_event=active_order_status_changed
vertical_slice_event=active_chain_state_changed
vertical_slice_event=active_chain_state_changed
vertical_slice_event=task_created
vertical_slice_event=carry_task_created:oat_crate:storage->kitchen
vertical_slice_event=task_created
vertical_slice_event=carry_task_created:pumpkin_crate:storage->kitchen
vertical_slice_event=task_created
vertical_slice_event=carry_task_created:protein_packet:storage->kitchen
player_continue_test=passed phase=write sequence=22
